2020-06-15T09:56:20+00:00 CRITICAL Uncaught Error: Object of class WP_Term could not be converted to string in C:\xampp\htdocs\segunda\wp-content\plugins\import-export-ebay-woo\admin\partials\import_ebay_woo.php:33
Stack trace:
#0 C:\xampp\htdocs\segunda\wp-content\plugins\import-export-ebay-woo\admin\class-import-export-ebay-woo-admin.php(148): include()
#1 C:\xampp\htdocs\segunda\wp-includes\class-wp-hook.php(287): Import_Export_Ebay_Woo_Admin->import_ebay_woo_function('')
#2 C:\xampp\htdocs\segunda\wp-includes\class-wp-hook.php(311): WP_Hook->apply_filters('', Array)
#3 C:\xampp\htdocs\segunda\wp-includes\plugin.php(478): WP_Hook->do_action(Array)
#4 C:\xampp\htdocs\segunda\wp-admin\admin.php(254): do_action('toplevel_page_i...')
#5 {main}
  thrown in C:\xampp\htdocs\segunda\wp-content\plugins\import-export-ebay-woo\admin\partials\import_ebay_woo.php on line 33

2020-06-15T10:00:31+00:00 CRITICAL Uncaught Error: Function name must be a string in C:\xampp\htdocs\segunda\wp-content\plugins\import-export-ebay-woo\admin\partials\import_ebay_woo.php:34
Stack trace:
#0 C:\xampp\htdocs\segunda\wp-content\plugins\import-export-ebay-woo\admin\class-import-export-ebay-woo-admin.php(148): include()
#1 C:\xampp\htdocs\segunda\wp-includes\class-wp-hook.php(287): Import_Export_Ebay_Woo_Admin->import_ebay_woo_function('')
#2 C:\xampp\htdocs\segunda\wp-includes\class-wp-hook.php(311): WP_Hook->apply_filters('', Array)
#3 C:\xampp\htdocs\segunda\wp-includes\plugin.php(478): WP_Hook->do_action(Array)
#4 C:\xampp\htdocs\segunda\wp-admin\admin.php(254): do_action('toplevel_page_i...')
#5 {main}
  thrown in C:\xampp\htdocs\segunda\wp-content\plugins\import-export-ebay-woo\admin\partials\import_ebay_woo.php on line 34

2020-06-15T10:00:34+00:00 CRITICAL Uncaught Error: Function name must be a string in C:\xampp\htdocs\segunda\wp-content\plugins\import-export-ebay-woo\admin\partials\import_ebay_woo.php:34
Stack trace:
#0 C:\xampp\htdocs\segunda\wp-content\plugins\import-export-ebay-woo\admin\class-import-export-ebay-woo-admin.php(148): include()
#1 C:\xampp\htdocs\segunda\wp-includes\class-wp-hook.php(287): Import_Export_Ebay_Woo_Admin->import_ebay_woo_function('')
#2 C:\xampp\htdocs\segunda\wp-includes\class-wp-hook.php(311): WP_Hook->apply_filters('', Array)
#3 C:\xampp\htdocs\segunda\wp-includes\plugin.php(478): WP_Hook->do_action(Array)
#4 C:\xampp\htdocs\segunda\wp-admin\admin.php(254): do_action('toplevel_page_i...')
#5 {main}
  thrown in C:\xampp\htdocs\segunda\wp-content\plugins\import-export-ebay-woo\admin\partials\import_ebay_woo.php on line 34

2020-06-15T10:04:20+00:00 CRITICAL Uncaught Error: Call to undefined function arr_push() in C:\xampp\htdocs\segunda\wp-content\plugins\import-export-ebay-woo\admin\partials\import_ebay_woo.php:34
Stack trace:
#0 C:\xampp\htdocs\segunda\wp-content\plugins\import-export-ebay-woo\admin\class-import-export-ebay-woo-admin.php(148): include()
#1 C:\xampp\htdocs\segunda\wp-includes\class-wp-hook.php(287): Import_Export_Ebay_Woo_Admin->import_ebay_woo_function('')
#2 C:\xampp\htdocs\segunda\wp-includes\class-wp-hook.php(311): WP_Hook->apply_filters('', Array)
#3 C:\xampp\htdocs\segunda\wp-includes\plugin.php(478): WP_Hook->do_action(Array)
#4 C:\xampp\htdocs\segunda\wp-admin\admin.php(254): do_action('toplevel_page_i...')
#5 {main}
  thrown in C:\xampp\htdocs\segunda\wp-content\plugins\import-export-ebay-woo\admin\partials\import_ebay_woo.php on line 34

2020-06-15T10:04:22+00:00 CRITICAL Uncaught Error: Call to undefined function arr_push() in C:\xampp\htdocs\segunda\wp-content\plugins\import-export-ebay-woo\admin\partials\import_ebay_woo.php:34
Stack trace:
#0 C:\xampp\htdocs\segunda\wp-content\plugins\import-export-ebay-woo\admin\class-import-export-ebay-woo-admin.php(148): include()
#1 C:\xampp\htdocs\segunda\wp-includes\class-wp-hook.php(287): Import_Export_Ebay_Woo_Admin->import_ebay_woo_function('')
#2 C:\xampp\htdocs\segunda\wp-includes\class-wp-hook.php(311): WP_Hook->apply_filters('', Array)
#3 C:\xampp\htdocs\segunda\wp-includes\plugin.php(478): WP_Hook->do_action(Array)
#4 C:\xampp\htdocs\segunda\wp-admin\admin.php(254): do_action('toplevel_page_i...')
#5 {main}
  thrown in C:\xampp\htdocs\segunda\wp-content\plugins\import-export-ebay-woo\admin\partials\import_ebay_woo.php on line 34

